<?xml version="1.0" encoding="UTF-8"?>
<!-- Generated by org.testng.reporters.JUnitReportReporter -->
<testsuite hostname="Kappus-MBP.lan" failures="0" tests="2" name="com.crm.qa.testcases.LoginPageTest" time="13.906" errors="0" timestamp="2024-04-29T22:52:26 BST" skipped="0">
  <testcase classname="com.crm.qa.testcases.LoginPageTest" name="loginPageTitleTest" time="6.927"/>
  <system-out/>
  <testcase classname="com.crm.qa.testcases.LoginPageTest" name="loginTest" time="6.979"/>
  <system-out/>
</testsuite> <!-- com.crm.qa.testcases.LoginPageTest -->
