<?xml version="1.0" encoding="UTF-8"?>
<!-- Generated by org.testng.reporters.JUnitReportReporter -->
<testsuite hostname="Kappus-MBP.lan" failures="0" tests="3" name="com.crm.qa.testcases.ContactsPageTest" time="28.169" errors="0" timestamp="2024-04-30T11:52:08 BST" skipped="0">
  <testcase classname="com.crm.qa.testcases.ContactsPageTest" name="validateCreateNewContactTest" time="9.211"/>
  <system-out/>
  <testcase classname="com.crm.qa.testcases.ContactsPageTest" name="validateCreateNewContactTest" time="9.622"/>
  <system-out/>
  <testcase classname="com.crm.qa.testcases.ContactsPageTest" name="validateCreateNewContactTest" time="9.336"/>
  <system-out/>
</testsuite> <!-- com.crm.qa.testcases.ContactsPageTest -->
