<?xml version="1.0" encoding="UTF-8"?>
<!-- Generated by org.testng.reporters.JUnitReportReporter -->
<testsuite hostname="Kappus-MBP.lan" failures="0" tests="2" name="com.crm.qa.testcases.LoginPageTest" time="15.308" errors="0" timestamp="2024-04-30T11:52:08 BST" skipped="0">
  <testcase classname="com.crm.qa.testcases.LoginPageTest" name="loginPageTitleTest" time="8.109"/>
  <system-out/>
  <testcase classname="com.crm.qa.testcases.LoginPageTest" name="loginTest" time="7.199"/>
  <system-out/>
</testsuite> <!-- com.crm.qa.testcases.LoginPageTest -->
