<?xml version="1.0" encoding="UTF-8"?>
<!-- Generated by org.testng.reporters.JUnitReportReporter -->
<testsuite hostname="Kappus-MBP.lan" failures="0" tests="2" name="com.crm.qa.testcases.HomePageTest" time="17.592" errors="0" timestamp="2024-04-30T11:52:08 BST" skipped="0">
  <testcase classname="com.crm.qa.testcases.HomePageTest" name="verifyUserNameTest" time="8.735"/>
  <system-out/>
  <testcase classname="com.crm.qa.testcases.HomePageTest" name="verifyConactsLinkPageTest" time="8.857"/>
  <system-out/>
</testsuite> <!-- com.crm.qa.testcases.HomePageTest -->
